<?xml version="1.0" encoding="UTF-8" standalone="yes"?><!DOCTYPE report PUBLIC "-//JACOCO//DTD Report 1.0//EN" "report.dtd"><report name="JaCoCo"><sessioninfo id="DESKTOP-MTNBPBD-56d2801b" start="1574593849181" dump="1574593849724"/><sessioninfo id="DESKTOP-MTNBPBD-d42bb64f" start="1574594348730" dump="1574594349181"/><sessioninfo id="DESKTOP-MTNBPBD-d247d32b" start="1574594467635" dump="1574594468116"/><sessioninfo id="DESKTOP-MTNBPBD-b60f53e" start="1574594541714" dump="1574594542254"/><sessioninfo id="DESKTOP-MTNBPBD-5f78751b" start="1574594710012" dump="1574594710714"/><sessioninfo id="DESKTOP-MTNBPBD-6b08b394" start="1574595145062" dump="1574595145515"/><sessioninfo id="DESKTOP-MTNBPBD-6b68ed01" start="1574595256247" dump="1574595256831"/><sessioninfo id="DESKTOP-MTNBPBD-92f44d64" start="1574595351705" dump="1574595352174"/><sessioninfo id="DESKTOP-MTNBPBD-9da1e9be" start="1574595466382" dump="1574595466814"/><sessioninfo id="DESKTOP-MTNBPBD-f3847440" start="1574595720634" dump="1574595721217"/><sessioninfo id="DESKTOP-MTNBPBD-937d876f" start="1574596138496" dump="1574596138990"/><sessioninfo id="DESKTOP-MTNBPBD-a07bc6c6" start="1574596413321" dump="1574596413808"/><sessioninfo id="DESKTOP-MTNBPBD-f53d73ef" start="1574596469840" dump="1574596470802"/><sessioninfo id="DESKTOP-MTNBPBD-13c52675" start="1574596506604" dump="1574596507049"/><sessioninfo id="DESKTOP-MTNBPBD-9d6236f4" start="1574597159832" dump="1574597160265"/><sessioninfo id="DESKTOP-MTNBPBD-7f7f0a70" start="1574597308985" dump="1574597309497"/><sessioninfo id="DESKTOP-MTNBPBD-4a44d181" start="1574597328338" dump="1574597328799"/><sessioninfo id="DESKTOP-MTNBPBD-a30efc5e" start="1574597498377" dump="1574597498859"/><sessioninfo id="DESKTOP-MTNBPBD-9f029c77" start="1574598399096" dump="1574598399779"/><sessioninfo id="DESKTOP-MTNBPBD-699bed79" start="1574598566038" dump="1574598566616"/><sessioninfo id="DESKTOP-MTNBPBD-c6e0c94d" start="1574598695531" dump="1574598696000"/><sessioninfo id="DESKTOP-MTNBPBD-52d1ca19" start="1574599261869" dump="1574599262519"/><sessioninfo id="DESKTOP-MTNBPBD-ddc8190a" start="1574599493173" dump="1574599493638"/><sessioninfo id="DESKTOP-MTNBPBD-14012dfa" start="1574599571053" dump="1574599571619"/><sessioninfo id="DESKTOP-MTNBPBD-9ed0dd4c" start="1574600170961" dump="1574600171446"/><sessioninfo id="DESKTOP-MTNBPBD-5b884a66" start="1574600641974" dump="1574600642532"/><sessioninfo id="DESKTOP-MTNBPBD-c25bf22d" start="1574600696562" dump="1574600697026"/><package name="com/test/jacoco"><class name="com/test/jacoco/HelloWorld"><method name="&lt;init&gt;" desc="()V" line="7"><counter type="INSTRUCTION" missed="0" covered="3"/><counter type="LINE" missed="0" covered="2"/><counter type="COMPLEXITY" missed="0" covered="1"/><counter type="METHOD" missed="0" covered="1"/></method><method name="Method1" desc="()Ljava/lang/String;" line="12"><counter type="INSTRUCTION" missed="0" covered="2"/><counter type="LINE" missed="0" covered="1"/><counter type="COMPLEXITY" missed="0" covered="1"/><counter type="METHOD" missed="0" covered="1"/></method><method name="Method2" desc="(II)I" line="16"><counter type="INSTRUCTION" missed="0" covered="4"/><counter type="LINE" missed="0" covered="1"/><counter type="COMPLEXITY" missed="0" covered="1"/><counter type="METHOD" missed="0" covered="1"/></method><method name="Method3" desc="(III)I" line="20"><counter type="INSTRUCTION" missed="0" covered="26"/><counter type="BRANCH" missed="0" covered="10"/><counter type="LINE" missed="0" covered="6"/><counter type="COMPLEXITY" missed="0" covered="6"/><counter type="METHOD" missed="0" covered="1"/></method><method name="Method4" desc="(IIIIF)I" line="32"><counter type="INSTRUCTION" missed="0" covered="25"/><counter type="BRANCH" missed="0" covered="8"/><counter type="LINE" missed="0" covered="7"/><counter type="COMPLEXITY" missed="0" covered="5"/><counter type="METHOD" missed="0" covered="1"/></method><method name="bug" desc="(I)Z" line="43"><counter type="INSTRUCTION" missed="0" covered="7"/><counter type="BRANCH" missed="0" covered="2"/><counter type="LINE" missed="0" covered="2"/><counter type="COMPLEXITY" missed="0" covered="2"/><counter type="METHOD" missed="0" covered="1"/></method><method name="isTriangle" desc="(III)Z" line="53"><counter type="INSTRUCTION" missed="0" covered="27"/><counter type="BRANCH" missed="0" covered="12"/><counter type="LINE" missed="0" covered="3"/><counter type="COMPLEXITY" missed="0" covered="7"/><counter type="METHOD" missed="0" covered="1"/></method><method name="isBirthday" desc="(III)Z" line="63"><counter type="INSTRUCTION" missed="0" covered="57"/><counter type="BRANCH" missed="0" covered="26"/><counter type="LINE" missed="0" covered="9"/><counter type="COMPLEXITY" missed="0" covered="14"/><counter type="METHOD" missed="0" covered="1"/></method><method name="getNum" desc="(I)I" line="82"><counter type="INSTRUCTION" missed="0" covered="11"/><counter type="BRANCH" missed="0" covered="2"/><counter type="LINE" missed="0" covered="6"/><counter type="COMPLEXITY" missed="0" covered="2"/><counter type="METHOD" missed="0" covered="1"/></method><method name="miniCalculator" desc="(DDC)Ljava/lang/Double;" line="104"><counter type="INSTRUCTION" missed="0" covered="40"/><counter type="BRANCH" missed="0" covered="10"/><counter type="LINE" missed="0" covered="11"/><counter type="COMPLEXITY" missed="0" covered="6"/><counter type="METHOD" missed="0" covered="1"/></method><counter type="INSTRUCTION" missed="0" covered="202"/><counter type="BRANCH" missed="0" covered="70"/><counter type="LINE" missed="0" covered="48"/><counter type="COMPLEXITY" missed="0" covered="45"/><counter type="METHOD" missed="0" covered="10"/><counter type="CLASS" missed="0" covered="1"/></class><sourcefile name="HelloWorld.java"><line nr="7" mi="0" ci="2" mb="0" cb="0"/><line nr="9" mi="0" ci="1" mb="0" cb="0"/><line nr="12" mi="0" ci="2" mb="0" cb="0"/><line nr="16" mi="0" ci="4" mb="0" cb="0"/><line nr="20" mi="0" ci="7" mb="0" cb="6"/><line nr="21" mi="0" ci="4" mb="0" cb="0"/><line nr="23" mi="0" ci="6" mb="0" cb="4"/><line nr="24" mi="0" ci="4" mb="0" cb="0"/><line nr="27" mi="0" ci="3" mb="0" cb="0"/><line nr="29" mi="0" ci="2" mb="0" cb="0"/><line nr="32" mi="0" ci="2" mb="0" cb="2"/><line nr="33" mi="0" ci="2" mb="0" cb="0"/><line nr="35" mi="0" ci="2" mb="0" cb="0"/><line nr="36" mi="0" ci="10" mb="0" cb="6"/><line nr="37" mi="0" ci="2" mb="0" cb="0"/><line nr="39" mi="0" ci="5" mb="0" cb="0"/><line nr="40" mi="0" ci="2" mb="0" cb="0"/><line nr="43" mi="0" ci="5" mb="0" cb="2"/><line nr="44" mi="0" ci="2" mb="0" cb="0"/><line nr="53" mi="0" ci="6" mb="0" cb="6"/><line nr="54" mi="0" ci="2" mb="0" cb="0"/><line nr="55" mi="0" ci="19" mb="0" cb="6"/><line nr="63" mi="0" ci="4" mb="0" cb="0"/><line nr="64" mi="0" ci="6" mb="0" cb="4"/><line nr="66" mi="0" ci="6" mb="0" cb="4"/><line nr="68" mi="0" ci="10" mb="0" cb="4"/><line nr="71" mi="0" ci="3" mb="0" cb="2"/><line nr="73" mi="0" ci="6" mb="0" cb="4"/><line nr="74" mi="0" ci="10" mb="0" cb="4"/><line nr="76" mi="0" ci="10" mb="0" cb="4"/><line nr="78" mi="0" ci="2" mb="0" cb="0"/><line nr="82" mi="0" ci="2" mb="0" cb="0"/><line nr="83" mi="0" ci="2" mb="0" cb="2"/><line nr="92" mi="0" ci="2" mb="0" cb="0"/><line nr="93" mi="0" ci="1" mb="0" cb="0"/><line nr="94" mi="0" ci="2" mb="0" cb="0"/><line nr="96" mi="0" ci="2" mb="0" cb="0"/><line nr="104" mi="0" ci="2" mb="0" cb="0"/><line nr="105" mi="0" ci="3" mb="0" cb="2"/><line nr="107" mi="0" ci="5" mb="0" cb="0"/><line nr="109" mi="0" ci="3" mb="0" cb="2"/><line nr="110" mi="0" ci="5" mb="0" cb="0"/><line nr="112" mi="0" ci="3" mb="0" cb="2"/><line nr="113" mi="0" ci="5" mb="0" cb="0"/><line nr="115" mi="0" ci="3" mb="0" cb="2"/><line nr="116" mi="0" ci="4" mb="0" cb="2"/><line nr="117" mi="0" ci="4" mb="0" cb="0"/><line nr="119" mi="0" ci="3" mb="0" cb="0"/><counter type="INSTRUCTION" missed="0" covered="202"/><counter type="BRANCH" missed="0" covered="70"/><counter type="LINE" missed="0" covered="48"/><counter type="COMPLEXITY" missed="0" covered="45"/><counter type="METHOD" missed="0" covered="10"/><counter type="CLASS" missed="0" covered="1"/></sourcefile><counter type="INSTRUCTION" missed="0" covered="202"/><counter type="BRANCH" missed="0" covered="70"/><counter type="LINE" missed="0" covered="48"/><counter type="COMPLEXITY" missed="0" covered="45"/><counter type="METHOD" missed="0" covered="10"/><counter type="CLASS" missed="0" covered="1"/></package><counter type="INSTRUCTION" missed="0" covered="202"/><counter type="BRANCH" missed="0" covered="70"/><counter type="LINE" missed="0" covered="48"/><counter type="COMPLEXITY" missed="0" covered="45"/><counter type="METHOD" missed="0" covered="10"/><counter type="CLASS" missed="0" covered="1"/></report>